# JRE version: OpenJDK Runtime Environment (11.0.11+9) (build 11.0.11+9-b60-7590822)
# Java VM: OpenJDK 64-Bit Server VM (11.0.11+9-b60-7590822, mixed mode, tiered, compressed oops, g1 gc, windows-amd64)
Heap:
 garbage-first heap   total 460800K, used 198127K [0x0000000080000000, 0x0000000100000000)
  region size 1024K, 6 young (6144K), 6 survivors (6144K)
 Metaspace       used 101134K, capacity 103640K, committed 106064K, reserved 1140736K
  class space    used 13078K, capacity 14055K, committed 14972K, reserved 1048576K
GC Heap History (20 events):
Event: 76.920 GC heap after
{Heap after GC invocations=23 (full 0):
 garbage-first heap   total 260096K, used 170702K [0x0000000080000000, 0x0000000100000000)
  region size 1024K, 7 young (7168K), 7 survivors (7168K)
 Metaspace       used 97161K, capacity 99714K, committed 101968K, reserved 1136640K
  class space    used 12584K, capacity 13630K, committed 14460K, reserved 1048576K
}
Event: 77.097 GC heap before
{Heap before GC invocations=24 (full 0):
 garbage-first heap   total 260096K, used 211662K [0x0000000080000000, 0x0000000100000000)
  region size 1024K, 48 young (49152K), 7 survivors (7168K)
 Metaspace       used 98742K, capacity 101456K, committed 103504K, reserved 1138688K
  class space    used 12895K, capacity 14006K, committed 14716K, reserved 1048576K
}
Event: 77.108 GC heap after
{Heap after GC invocations=25 (full 0):
 garbage-first heap   total 260096K, used 178082K [0x0000000080000000, 0x0000000100000000)
  region size 1024K, 6 young (6144K), 6 survivors (6144K)
 Metaspace       used 98742K, capacity 101456K, committed 103504K, reserved 1138688K
  class space    used 12895K, capacity 14006K, committed 14716K, reserved 1048576K
}
Event: 77.295 GC heap before
{Heap before GC invocations=25 (full 0):
 garbage-first heap   total 260096K, used 215970K [0x0000000080000000, 0x0000000100000000)
  region size 1024K, 43 young (44032K), 6 survivors (6144K)
 Metaspace       used 100328K, capacity 103229K, committed 104784K, reserved 1138688K
  class space    used 13187K, capacity 14364K, committed 14972K, reserved 1048576K
}
Event: 77.311 GC heap after
{Heap after GC invocations=26 (full 0):
 garbage-first heap   total 260096K, used 183767K [0x0000000080000000, 0x0000000100000000)
  region size 1024K, 5 young (5120K), 5 survivors (5120K)
 Metaspace       used 100328K, capacity 103229K, committed 104784K, reserved 1138688K
  class space    used 13187K, capacity 14364K, committed 14972K, reserved 1048576K
}
Event: 77.485 GC heap before
{Heap before GC invocations=26 (full 0):
 garbage-first heap   total 260096K, used 217559K [0x0000000080000000, 0x0000000100000000)
  region size 1024K, 39 young (39936K), 5 survivors (5120K)
 Metaspace       used 100244K, capacity 102904K, committed 105040K, reserved 1140736K
  class space    used 13100K, capacity 14151K, committed 14972K, reserved 1048576K
}
Event: 77.493 GC heap after
{Heap after GC invocations=27 (full 0):
 garbage-first heap   total 260096K, used 187035K [0x0000000080000000, 0x0000000100000000)
  region size 1024K, 4 young (4096K), 4 survivors (4096K)
 Metaspace       used 100244K, capacity 102904K, committed 105040K, reserved 1140736K
  class space    used 13100K, capacity 14151K, committed 14972K, reserved 1048576K
}
Event: 77.626 GC heap before
{Heap before GC invocations=28 (full 0):
 garbage-first heap   total 260096K, used 218779K [0x0000000080000000, 0x0000000100000000)
  region size 1024K, 36 young (36864K), 4 survivors (4096K)
 Metaspace       used 100430K, capacity 103068K, committed 105040K, reserved 1140736K
  class space    used 13114K, capacity 14159K, committed 14972K, reserved 1048576K
}
Event: 77.639 GC heap after
{Heap after GC invocations=29 (full 0):
 garbage-first heap   total 260096K, used 189595K [0x0000000080000000, 0x0000000100000000)
  region size 1024K, 3 young (3072K), 3 survivors (3072K)
 Metaspace       used 100430K, capacity 103068K, committed 105040K, reserved 1140736K
  class space    used 13114K, capacity 14159K, committed 14972K, reserved 1048576K
}
Event: 77.662 GC heap before
{Heap before GC invocations=29 (full 0):
 garbage-first heap   total 260096K, used 197787K [0x0000000080000000, 0x0000000100000000)
  region size 1024K, 12 young (12288K), 3 survivors (3072K)
 Metaspace       used 100507K, capacity 103172K, committed 105296K, reserved 1140736K
  class space    used 13126K, capacity 14192K, committed 14972K, reserved 1048576K
}
Event: 77.669 GC heap after
{Heap after GC invocations=30 (full 0):
 garbage-first heap   total 260096K, used 188747K [0x0000000080000000, 0x0000000100000000)
  region size 1024K, 1 young (1024K), 1 survivors (1024K)
 Metaspace       used 100507K, capacity 103172K, committed 105296K, reserved 1140736K
  class space    used 13126K, capacity 14192K, committed 14972K, reserved 1048576K
}
Event: 77.751 GC heap before
{Heap before GC invocations=30 (full 0):
 garbage-first heap   total 260096K, used 220491K [0x0000000080000000, 0x0000000100000000)
  region size 1024K, 33 young (33792K), 1 survivors (1024K)
 Metaspace       used 100705K, capacity 103374K, committed 105296K, reserved 1140736K
  class space    used 13128K, capacity 14193K, committed 14972K, reserved 1048576K
}
Event: 77.763 GC heap after
{Heap after GC invocations=31 (full 0):
 garbage-first heap   total 312320K, used 190070K [0x0000000080000000, 0x0000000100000000)
  region size 1024K, 3 young (3072K), 3 survivors (3072K)
 Metaspace       used 100705K, capacity 103374K, committed 105296K, reserved 1140736K
  class space    used 13128K, capacity 14193K, committed 14972K, reserved 1048576K
}
Event: 77.877 GC heap before
{Heap before GC invocations=31 (full 0):
 garbage-first heap   total 312320K, used 247414K [0x0000000080000000, 0x0000000100000000)
  region size 1024K, 59 young (60416K), 3 survivors (3072K)
 Metaspace       used 100944K, capacity 103582K, committed 105552K, reserved 1140736K
  class space    used 13137K, capacity 14197K, committed 14972K, reserved 1048576K
}
Event: 77.883 GC heap after
{Heap after GC invocations=32 (full 0):
 garbage-first heap   total 312320K, used 192722K [0x0000000080000000, 0x0000000100000000)
  region size 1024K, 5 young (5120K), 5 survivors (5120K)
 Metaspace       used 100944K, capacity 103582K, committed 105552K, reserved 1140736K
  class space    used 13137K, capacity 14197K, committed 14972K, reserved 1048576K
}
Event: 78.082 GC heap before
{Heap before GC invocations=32 (full 0):
 garbage-first heap   total 312320K, used 251090K [0x0000000080000000, 0x0000000100000000)
  region size 1024K, 63 young (64512K), 5 survivors (5120K)
 Metaspace       used 100901K, capacity 103366K, committed 105808K, reserved 1140736K
  class space    used 13038K, capacity 14026K, committed 14972K, reserved 1048576K
}
Event: 78.098 GC heap after
{Heap after GC invocations=33 (full 0):
 garbage-first heap   total 312320K, used 195019K [0x0000000080000000, 0x0000000100000000)
  region size 1024K, 6 young (6144K), 6 survivors (6144K)
 Metaspace       used 100901K, capacity 103366K, committed 105808K, reserved 1140736K
  class space    used 13038K, capacity 14026K, committed 14972K, reserved 1048576K
}
Event: 78.250 GC heap before
{Heap before GC invocations=34 (full 0):
 garbage-first heap   total 312320K, used 253387K [0x0000000080000000, 0x0000000100000000)
  region size 1024K, 64 young (65536K), 6 survivors (6144K)
 Metaspace       used 100939K, capacity 103366K, committed 105808K, reserved 1140736K
  class space    used 13049K, capacity 14026K, committed 14972K, reserved 1048576K
}
Event: 78.257 GC heap after
{Heap after GC invocations=35 (full 0):
 garbage-first heap   total 312320K, used 197095K [0x0000000080000000, 0x0000000100000000)
  region size 1024K, 5 young (5120K), 5 survivors (5120K)
 Metaspace       used 100939K, capacity 103366K, committed 105808K, reserved 1140736K
  class space    used 13049K, capacity 14026K, committed 14972K, reserved 1048576K
}
Event: 78.414 GC heap before
{Heap before GC invocations=35 (full 0):
 garbage-first heap   total 312320K, used 257511K [0x0000000080000000, 0x0000000100000000)
  region size 1024K, 65 young (66560K), 5 survivors (5120K)
 Metaspace       used 101134K, capacity 103640K, committed 106064K, reserved 1140736K
  class space    used 13078K, capacity 14055K, committed 14972K, reserved 1048576K
}

