# JRE version: OpenJDK Runtime Environment (11.0.11+9) (build 11.0.11+9-b60-7590822)
# Java VM: OpenJDK 64-Bit Server VM (11.0.11+9-b60-7590822, mixed mode, tiered, compressed oops, g1 gc, windows-amd64)
Heap:
 garbage-first heap   total 312320K, used 180920K [0x0000000080000000, 0x0000000100000000)
  region size 1024K, 5 young (5120K), 5 survivors (5120K)
 Metaspace       used 98160K, capacity 101369K, committed 103252K, reserved 1138688K
  class space    used 13224K, capacity 14615K, committed 15232K, reserved 1048576K
GC Heap History (20 events):
Event: 13.924 GC heap after
{Heap after GC invocations=11 (full 0):
 garbage-first heap   total 260096K, used 56027K [0x0000000080000000, 0x0000000100000000)
  region size 1024K, 12 young (12288K), 12 survivors (12288K)
 Metaspace       used 70320K, capacity 71909K, committed 72068K, reserved 1112064K
  class space    used 9073K, capacity 9685K, committed 9780K, reserved 1048576K
}
Event: 16.391 GC heap before
{Heap before GC invocations=11 (full 0):
 garbage-first heap   total 260096K, used 189147K [0x0000000080000000, 0x0000000100000000)
  region size 1024K, 143 young (146432K), 12 survivors (12288K)
 Metaspace       used 80970K, capacity 83226K, committed 83332K, reserved 1122304K
  class space    used 10655K, capacity 11531K, committed 11572K, reserved 1048576K
}
Event: 16.414 GC heap after
{Heap after GC invocations=12 (full 0):
 garbage-first heap   total 260096K, used 65160K [0x0000000080000000, 0x0000000100000000)
  region size 1024K, 9 young (9216K), 9 survivors (9216K)
 Metaspace       used 80970K, capacity 83226K, committed 83332K, reserved 1122304K
  class space    used 10655K, capacity 11531K, committed 11572K, reserved 1048576K
}
Event: 18.117 GC heap before
{Heap before GC invocations=12 (full 0):
 garbage-first heap   total 260096K, used 222856K [0x0000000080000000, 0x0000000100000000)
  region size 1024K, 138 young (141312K), 9 survivors (9216K)
 Metaspace       used 86908K, capacity 89328K, committed 89476K, reserved 1126400K
  class space    used 11338K, capacity 12252K, committed 12340K, reserved 1048576K
}
Event: 18.136 GC heap after
{Heap after GC invocations=13 (full 0):
 garbage-first heap   total 260096K, used 74376K [0x0000000080000000, 0x0000000100000000)
  region size 1024K, 16 young (16384K), 16 survivors (16384K)
 Metaspace       used 86908K, capacity 89328K, committed 89476K, reserved 1126400K
  class space    used 11338K, capacity 12252K, committed 12340K, reserved 1048576K
}
Event: 18.378 GC heap before
{Heap before GC invocations=13 (full 0):
 garbage-first heap   total 260096K, used 200328K [0x0000000080000000, 0x0000000100000000)
  region size 1024K, 140 young (143360K), 16 survivors (16384K)
 Metaspace       used 88792K, capacity 91303K, committed 91524K, reserved 1128448K
  class space    used 11612K, capacity 12573K, committed 12596K, reserved 1048576K
}
Event: 18.402 GC heap after
{Heap after GC invocations=14 (full 0):
 garbage-first heap   total 260096K, used 98922K [0x0000000080000000, 0x0000000100000000)
  region size 1024K, 18 young (18432K), 18 survivors (18432K)
 Metaspace       used 88792K, capacity 91303K, committed 91524K, reserved 1128448K
  class space    used 11612K, capacity 12573K, committed 12596K, reserved 1048576K
}
Event: 18.863 GC heap before
{Heap before GC invocations=14 (full 0):
 garbage-first heap   total 260096K, used 197226K [0x0000000080000000, 0x0000000100000000)
  region size 1024K, 115 young (117760K), 18 survivors (18432K)
 Metaspace       used 91765K, capacity 94667K, committed 94852K, reserved 1130496K
  class space    used 12115K, capacity 13241K, committed 13364K, reserved 1048576K
}
Event: 18.895 GC heap after
{Heap after GC invocations=15 (full 0):
 garbage-first heap   total 260096K, used 121062K [0x0000000080000000, 0x0000000100000000)
  region size 1024K, 15 young (15360K), 15 survivors (15360K)
 Metaspace       used 91765K, capacity 94667K, committed 94852K, reserved 1130496K
  class space    used 12115K, capacity 13241K, committed 13364K, reserved 1048576K
}
Event: 19.034 GC heap before
{Heap before GC invocations=15 (full 0):
 garbage-first heap   total 260096K, used 193765K [0x0000000080000000, 0x0000000100000000)
  region size 1024K, 87 young (89088K), 15 survivors (15360K)
 Metaspace       used 93702K, capacity 96799K, committed 97028K, reserved 1132544K
  class space    used 12417K, capacity 13629K, committed 13748K, reserved 1048576K
}
Event: 19.054 GC heap after
{Heap after GC invocations=16 (full 0):
 garbage-first heap   total 260096K, used 137541K [0x0000000080000000, 0x0000000100000000)
  region size 1024K, 11 young (11264K), 11 survivors (11264K)
 Metaspace       used 93702K, capacity 96799K, committed 97028K, reserved 1132544K
  class space    used 12417K, capacity 13629K, committed 13748K, reserved 1048576K
}
Event: 19.166 GC heap before
{Heap before GC invocations=16 (full 0):
 garbage-first heap   total 260096K, used 197957K [0x0000000080000000, 0x0000000100000000)
  region size 1024K, 71 young (72704K), 11 survivors (11264K)
 Metaspace       used 95371K, capacity 99094K, committed 99332K, reserved 1134592K
  class space    used 12866K, capacity 14417K, committed 14516K, reserved 1048576K
}
Event: 19.186 GC heap after
{Heap after GC invocations=17 (full 0):
 garbage-first heap   total 260096K, used 151127K [0x0000000080000000, 0x0000000100000000)
  region size 1024K, 9 young (9216K), 9 survivors (9216K)
 Metaspace       used 95371K, capacity 99094K, committed 99332K, reserved 1134592K
  class space    used 12866K, capacity 14417K, committed 14516K, reserved 1048576K
}
Event: 19.310 GC heap before
{Heap before GC invocations=17 (full 0):
 garbage-first heap   total 260096K, used 203351K [0x0000000080000000, 0x0000000100000000)
  region size 1024K, 61 young (62464K), 9 survivors (9216K)
 Metaspace       used 96110K, capacity 99834K, committed 99972K, reserved 1134592K
  class space    used 13024K, capacity 14599K, committed 14644K, reserved 1048576K
}
Event: 19.322 GC heap after
{Heap after GC invocations=18 (full 0):
 garbage-first heap   total 260096K, used 162019K [0x0000000080000000, 0x0000000100000000)
  region size 1024K, 8 young (8192K), 8 survivors (8192K)
 Metaspace       used 96110K, capacity 99834K, committed 99972K, reserved 1134592K
  class space    used 13024K, capacity 14599K, committed 14644K, reserved 1048576K
}
Event: 19.562 GC heap before
{Heap before GC invocations=18 (full 0):
 garbage-first heap   total 260096K, used 209123K [0x0000000080000000, 0x0000000100000000)
  region size 1024K, 54 young (55296K), 8 survivors (8192K)
 Metaspace       used 97031K, capacity 100242K, committed 102100K, reserved 1136640K
  class space    used 13019K, capacity 14396K, committed 15104K, reserved 1048576K
}
Event: 19.583 GC heap after
{Heap after GC invocations=19 (full 0):
 garbage-first heap   total 260096K, used 169984K [0x0000000080000000, 0x0000000100000000)
  region size 1024K, 7 young (7168K), 7 survivors (7168K)
 Metaspace       used 97031K, capacity 100242K, committed 102100K, reserved 1136640K
  class space    used 13019K, capacity 14396K, committed 15104K, reserved 1048576K
}
Event: 19.706 GC heap before
{Heap before GC invocations=20 (full 0):
 garbage-first heap   total 260096K, used 212992K [0x0000000080000000, 0x0000000100000000)
  region size 1024K, 50 young (51200K), 7 survivors (7168K)
 Metaspace       used 97883K, capacity 101080K, committed 102996K, reserved 1136640K
  class space    used 13179K, capacity 14542K, committed 15232K, reserved 1048576K
}
Event: 19.728 GC heap after
{Heap after GC invocations=21 (full 0):
 garbage-first heap   total 260096K, used 176398K [0x0000000080000000, 0x0000000100000000)
  region size 1024K, 6 young (6144K), 6 survivors (6144K)
 Metaspace       used 97883K, capacity 101080K, committed 102996K, reserved 1136640K
  class space    used 13179K, capacity 14542K, committed 15232K, reserved 1048576K
}
Event: 19.824 GC heap before
{Heap before GC invocations=21 (full 0):
 garbage-first heap   total 260096K, used 215310K [0x0000000080000000, 0x0000000100000000)
  region size 1024K, 45 young (46080K), 6 survivors (6144K)
 Metaspace       used 98160K, capacity 101369K, committed 103252K, reserved 1138688K
  class space    used 13224K, capacity 14615K, committed 15232K, reserved 1048576K
}

